swipMenuListViewLib/build/intermediates/manifest_merge_blame_file/debug/manifest-merger-blame-debug-report.txt
1<?xml version="1.0" encoding="utf-8"?>
2<manifest xmlns:android="http://schemas.android.com/apk/res/android"
3    package="com.baoyz.swipemenulistview" >
4
5    <uses-sdk android:minSdkVersion="19" />
6
7    <!--
8    <uses-sdk
9        android:minSdkVersion="9"
10        android:targetSdkVersion="21" />
11    -->
12    <application
12-->src/main/AndroidManifest.xml:7:5-9:19
13        android:allowBackup="false"
13-->src/main/AndroidManifest.xml:7:18-45
14        android:label="@string/app_name" >
14-->src/main/AndroidManifest.xml:7:46-78
15    </application>
16
17</manifest>